0 info it worked if it ends with ok
1 verbose cli [ '/Users/lytc/.nvm/versions/node/v6.11.1/bin/node',
1 verbose cli   '/Users/lytc/.nvm/versions/node/v6.11.1/bin/npm',
1 verbose cli   'run',
1 verbose cli   'dev' ]
2 info using npm@3.10.10
3 info using node@v6.11.1
4 verbose run-script [ 'predev', 'dev', 'postdev' ]
5 info lifecycle react-sortly@1.0.4~predev: react-sortly@1.0.4
6 silly lifecycle react-sortly@1.0.4~predev: no script for predev, continuing
7 info lifecycle react-sortly@1.0.4~dev: react-sortly@1.0.4
8 verbose lifecycle react-sortly@1.0.4~dev: unsafe-perm in lifecycle true
9 verbose lifecycle react-sortly@1.0.4~dev: PATH: /Users/lytc/.nvm/versions/node/v6.11.1/lib/node_modules/npm/bin/node-gyp-bin:/Users/lytc/Projects/lytc/react-sortly/node_modules/.bin:/Users/lytc/.rvm/gems/ruby-1.9.3-p551/bin:/Users/lytc/.rvm/gems/ruby-1.9.3-p551@global/bin:/Users/lytc/.rvm/rubies/ruby-1.9.3-p551/bin:/usr/local/opt/qt@5.5/bin:/Users/lytc/.nvm/versions/node/v6.11.1/bin:/usr/local/bin:/usr/bin:/bin:/usr/sbin:/sbin:/Users/lytc/.rvm/bin
10 verbose lifecycle react-sortly@1.0.4~dev: CWD: /Users/lytc/Projects/lytc/react-sortly
11 silly lifecycle react-sortly@1.0.4~dev: Args: [ '-c', 'node ./server.js' ]
12 silly lifecycle react-sortly@1.0.4~dev: Returned: code: 1  signal: null
13 info lifecycle react-sortly@1.0.4~dev: Failed to exec dev script
14 verbose stack Error: react-sortly@1.0.4 dev: `node ./server.js`
14 verbose stack Exit status 1
14 verbose stack     at EventEmitter.<anonymous> (/Users/lytc/.nvm/versions/node/v6.11.1/lib/node_modules/npm/lib/utils/lifecycle.js:255:16)
14 verbose stack     at emitTwo (events.js:106:13)
14 verbose stack     at EventEmitter.emit (events.js:191:7)
14 verbose stack     at ChildProcess.<anonymous> (/Users/lytc/.nvm/versions/node/v6.11.1/lib/node_modules/npm/lib/utils/spawn.js:40:14)
14 verbose stack     at emitTwo (events.js:106:13)
14 verbose stack     at ChildProcess.emit (events.js:191:7)
14 verbose stack     at maybeClose (internal/child_process.js:891:16)
14 verbose stack     at Process.ChildProcess._handle.onexit (internal/child_process.js:226:5)
15 verbose pkgid react-sortly@1.0.4
16 verbose cwd /Users/lytc/Projects/lytc/react-sortly
17 error Darwin 16.7.0
18 error argv "/Users/lytc/.nvm/versions/node/v6.11.1/bin/node" "/Users/lytc/.nvm/versions/node/v6.11.1/bin/npm" "run" "dev"
19 error node v6.11.1
20 error npm  v3.10.10
21 error code ELIFECYCLE
22 error react-sortly@1.0.4 dev: `node ./server.js`
22 error Exit status 1
23 error Failed at the react-sortly@1.0.4 dev script 'node ./server.js'.
23 error Make sure you have the latest version of node.js and npm installed.
23 error If you do, this is most likely a problem with the react-sortly package,
23 error not with npm itself.
23 error Tell the author that this fails on your system:
23 error     node ./server.js
23 error You can get information on how to open an issue for this project with:
23 error     npm bugs react-sortly
23 error Or if that isn't available, you can get their info via:
23 error     npm owner ls react-sortly
23 error There is likely additional logging output above.
24 verbose exit [ 1, true ]
